<?xml version="1.0" encoding="UTF-8"?>
<coverage generated="1618697817345" clover="3.2.0">
  <project timestamp="1618697817345" name="All files">
    <metrics statements="17" coveredstatements="7" conditionals="1" coveredconditionals="1" methods="5" coveredmethods="2" elements="23" coveredelements="10" complexity="0" loc="17" ncloc="17" packages="2" files="3" classes="3"/>
    <package name="test">
      <metrics statements="10" coveredstatements="0" conditionals="0" coveredconditionals="0" methods="3" coveredmethods="0"/>
      <file name="app.e2e-spec.ts" path="C:\Users\Lenovo\Documents\Tachoserver\tachoserver\test\app.e2e-spec.ts">
        <metrics statements="10" coveredstatements="0" conditionals="0" coveredconditionals="0" methods="3" coveredmethods="0"/>
        <line num="1" count="0" type="stmt"/>
        <line num="3" count="0" type="stmt"/>
        <line num="4" count="0" type="stmt"/>
        <line num="6" count="0" type="stmt"/>
        <line num="9" count="0" type="stmt"/>
        <line num="10" count="0" type="stmt"/>
        <line num="14" count="0" type="stmt"/>
        <line num="15" count="0" type="stmt"/>
        <line num="18" count="0" type="stmt"/>
        <line num="19" count="0" type="stmt"/>
      </file>
    </package>
    <package name="test.sample_data">
      <metrics statements="7" coveredstatements="7" conditionals="1" coveredconditionals="1" methods="2" coveredmethods="2"/>
      <file name="SAMPLE_NEW_USER_MAP.ts" path="C:\Users\Lenovo\Documents\Tachoserver\tachoserver\test\sample_data\SAMPLE_NEW_USER_MAP.ts">
        <metrics statements="1" coveredstatements="1" conditionals="0" coveredconditionals="0" methods="0" coveredmethods="0"/>
        <line num="1" count="1" type="stmt"/>
      </file>
      <file name="SampleUser.ts" path="C:\Users\Lenovo\Documents\Tachoserver\tachoserver\test\sample_data\SampleUser.ts">
        <metrics statements="6" coveredstatements="6" conditionals="1" coveredconditionals="1" methods="2" coveredmethods="2"/>
        <line num="3" count="1" type="stmt"/>
        <line num="4" count="1" type="stmt"/>
        <line num="6" count="1" type="stmt"/>
        <line num="8" count="2" type="stmt"/>
        <line num="9" count="2" type="stmt"/>
        <line num="19" count="3" type="stmt"/>
      </file>
    </package>
  </project>
</coverage>
