{"C:\\Users\\Lenovo\\Documents\\Tachoserver\\tachoserver\\test\\app.e2e-spec.ts": {"path":"C:\\Users\\Lenovo\\Documents\\Tachoserver\\tachoserver\\test\\app.e2e-spec.ts","statementMap":{"0":{"start":{"line":1,"column":0},"end":{"line":1,"column":54}},"1":{"start":{"line":3,"column":0},"end":{"line":3,"column":37}},"2":{"start":{"line":4,"column":0},"end":{"line":4,"column":48}},"3":{"start":{"line":6,"column":0},"end":{"line":24,"column":3}},"4":{"start":{"line":9,"column":2},"end":{"line":16,"column":5}},"5":{"start":{"line":10,"column":41},"end":{"line":12,"column":16}},"6":{"start":{"line":14,"column":4},"end":{"line":14,"column":48}},"7":{"start":{"line":15,"column":4},"end":{"line":15,"column":21}},"8":{"start":{"line":18,"column":2},"end":{"line":23,"column":5}},"9":{"start":{"line":19,"column":4},"end":{"line":22,"column":30}}},"fnMap":{"0":{"name":"(anonymous_0)","decl":{"start":{"line":6,"column":32},"end":{"line":6,"column":35}},"loc":{"start":{"line":6,"column":37},"end":{"line":24,"column":1}}},"1":{"name":"(anonymous_1)","decl":{"start":{"line":9,"column":13},"end":{"line":9,"column":18}},"loc":{"start":{"line":9,"column":24},"end":{"line":16,"column":3}}},"2":{"name":"(anonymous_2)","decl":{"start":{"line":18,"column":16},"end":{"line":18,"column":19}},"loc":{"start":{"line":18,"column":21},"end":{"line":23,"column":3}}}},"branchMap":{},"s":{"0":0,"1":0,"2":0,"3":0,"4":0,"5":0,"6":0,"7":0,"8":0,"9":0},"f":{"0":0,"1":0,"2":0},"b":{}}
,"C:\\Users\\Lenovo\\Documents\\Tachoserver\\tachoserver\\test\\sample_data\\SAMPLE_NEW_USER_MAP.ts": {"path":"C:\\Users\\Lenovo\\Documents\\Tachoserver\\tachoserver\\test\\sample_data\\SAMPLE_NEW_USER_MAP.ts","statementMap":{"0":{"start":{"line":1,"column":13},"end":{"line":7,"column":2}}},"fnMap":{},"branchMap":{},"s":{"0":1},"f":{},"b":{}}
,"C:\\Users\\Lenovo\\Documents\\Tachoserver\\tachoserver\\test\\sample_data\\SampleUser.ts": {"path":"C:\\Users\\Lenovo\\Documents\\Tachoserver\\tachoserver\\test\\sample_data\\SampleUser.ts","statementMap":{"0":{"start":{"line":3,"column":0},"end":{"line":3,"column":60}},"1":{"start":{"line":4,"column":0},"end":{"line":4,"column":60}},"2":{"start":{"line":8,"column":19},"end":{"line":8,"column":69}},"3":{"start":{"line":9,"column":4},"end":{"line":15,"column":15}},"4":{"start":{"line":19,"column":4},"end":{"line":24,"column":15}},"5":{"start":{"line":6,"column":0},"end":{"line":6,"column":13}}},"fnMap":{"0":{"name":"(anonymous_0)","decl":{"start":{"line":7,"column":2},"end":{"line":7,"column":8}},"loc":{"start":{"line":7,"column":38},"end":{"line":16,"column":3}}},"1":{"name":"(anonymous_1)","decl":{"start":{"line":18,"column":2},"end":{"line":18,"column":8}},"loc":{"start":{"line":18,"column":36},"end":{"line":25,"column":3}}}},"branchMap":{"0":{"loc":{"start":{"line":7,"column":36},"end":{"line":7,"column":38}},"type":"default-arg","locations":[{"start":{"line":7,"column":36},"end":{"line":7,"column":38}}]}},"s":{"0":1,"1":1,"2":2,"3":2,"4":3,"5":1},"f":{"0":2,"1":3},"b":{"0":[1]}}
}
